Log file open, 10/12/16 16:57:52
LogInit:Display: Running engine for game: MyProject
LogPlatformFile: Not using cached read wrapper
LogInit:Display: RandInit(1791370015) SRandInit(1791370016).
LogTaskGraph: Started task graph with 4 named threads and 7 total threads with 1 sets of task threads.
LogStats: Stats thread started at 0.084190
LogInit: Version: 4.12.5-3039270+++UE4+Release-4.12
LogInit: API Version: 2992821
LogInit: Net Version: 3039270
LogDevObjectVersion: Number of dev versions registered: 13
LogDevObjectVersion:   Dev-Blueprints (B0D832E4-1F89-4F0D-ACCF-7EB736FD4AA2): 3
LogDevObjectVersion:   Dev-Build (E1C64328-A22C-4D53-A36C-8E866417BD8C): 0
LogDevObjectVersion:   Dev-Core (375EC13C-06E4-48FB-B500-84F0262A717E): 1
LogDevObjectVersion:   Dev-Editor (E4B068ED-F494-42E9-A231-DA0B2E46BB41): 2
LogDevObjectVersion:   Dev-Framework (CFFC743F-43B0-4480-9391-14DF171D2073): 6
LogDevObjectVersion:   Dev-Mobile (B02B49B5-BB20-44E9-A304-32B752E40360): 0
LogDevObjectVersion:   Dev-Networking (A4E4105C-59A1-49B5-A7C5-40C4547EDFEE): 0
LogDevObjectVersion:   Dev-Online (39C831C9-5AE6-47DC-9A44-9C173E1C8E7C): 0
LogDevObjectVersion:   Dev-Physics (78F01B33-EBEA-4F98-B9B4-84EACCB95AA2): 0
LogDevObjectVersion:   Dev-Platform (6631380F-2D4D-43E0-8009-CF276956A95A): 0
LogDevObjectVersion:   Dev-Rendering (12F88B9F-8875-4AFC-A67C-D90C383ABD29): 2
LogDevObjectVersion:   Dev-Sequencer (7B5AE74C-D270-4C10-A958-57980B212A5A): 0
LogDevObjectVersion:   Dev-VR (D7296918-1DD6-4BDD-9DE2-64A83CC13884): 0
LogInit: Compiled (64-bit): Jul  6 2016 09:09:46
LogInit: Compiled with Visual C++: 19.00.23026.00
LogInit: Build Configuration: Development
LogInit: Branch Name: ++UE4+Release-4.12
LogInit: Command line: 
LogInit: Base directory: C:/Program Files (x86)/Epic Games/4.12/Engine/Binaries/Win64/
LogInit: Installed Engine Build: 1
LogInit: Using libcurl 7.41.0
LogInit:  - built for x86_64-pc-win32
LogInit:  - supports SSL with WinSSL
LogInit:  - other features:
LogInit:      CURL_VERSION_SSL
LogInit:      CURL_VERSION_IPV6
LogInit:      CURL_VERSION_ASYNCHDNS
LogInit:      CURL_VERSION_LARGEFILE
LogInit:      CURL_VERSION_IDN
LogInit:  CurlRequestOptions (configurable via config and command line):
LogInit:  - bVerifyPeer = true  - Libcurl will verify peer certificate
LogInit:  - bUseHttpProxy = false  - Libcurl will NOT use HTTP proxy
LogInit:  - bDontReuseConnections = false  - Libcurl will reuse connections
LogInit:  - CertBundlePath = nullptr  - Libcurl will use whatever was configured at build time.
LogInit: Presizing for max 8388607 objects, including 0 objects not considered by GC, pre-allocating 0 bytes for permanent pool.
LogInit: Object subsystem initialized
[2016.10.12-15.57.52:390][  0]LogInit: Selected Device Profile: [Windows]
[2016.10.12-15.57.52:390][  0]LogInit: Applying CVar settings loaded from the selected device profile: [Windows]
[2016.10.12-15.57.52:410][  0]LogInit: Computer: TU69303
[2016.10.12-15.57.52:410][  0]LogInit: User: p4034482
[2016.10.12-15.57.52:410][  0]LogInit: CPU Page size=65536, Cores=4
[2016.10.12-15.57.52:410][  0]LogInit: High frequency timer resolution =3.507171 MHz
[2016.10.12-15.57.52:411][  0]LogMemory: Memory total: Physical=16.0GB (16GB approx)
[2016.10.12-15.57.52:411][  0]LogMemory: Platform Memory Stats for Windows
[2016.10.12-15.57.52:411][  0]LogMemory: Process Physical Memory: 191.08 MB used, 191.08 MB peak
[2016.10.12-15.57.52:411][  0]LogMemory: Process Virtual Memory: 195.71 MB used, 195.71 MB peak
[2016.10.12-15.57.52:411][  0]LogMemory: Physical Memory: 5921.46 MB used, 16341.93 MB total
[2016.10.12-15.57.52:411][  0]LogMemory: Virtual Memory: 542.42 MB used, 134217728.00 MB total
[2016.10.12-15.57.52:539][  0]LogTextLocalizationManager: No specific translations for ('en-GB') exist, so ('en') translations will be used.
[2016.10.12-15.57.53:072][  0]LogD3D11RHI: D3D11 adapters:
[2016.10.12-15.57.53:100][  0]LogD3D11RHI:    0. 'NVIDIA Quadro 4000' (Feature Level 11_0)
[2016.10.12-15.57.53:100][  0]LogD3D11RHI:       1999/0/8170 MB DedicatedVideo/DedicatedSystem/SharedSystem, Outputs:2, VendorId:0x10de
[2016.10.12-15.57.53:104][  0]LogD3D11RHI:    1. 'Microsoft Basic Render Driver' (Feature Level 11_0)
[2016.10.12-15.57.53:104][  0]LogD3D11RHI:       0/0/8170 MB DedicatedVideo/DedicatedSystem/SharedSystem, Outputs:0, VendorId:0x1414
[2016.10.12-15.57.53:104][  0]LogD3D11RHI: Chosen D3D11 Adapter: 0
[2016.10.12-15.57.53:109][  0]LogD3D11RHI: Creating new Direct3DDevice
[2016.10.12-15.57.53:109][  0]LogD3D11RHI:     GPU DeviceId: 0x6dd (for the marketing name, search the web for "GPU Device Id")
[2016.10.12-15.57.53:109][  0]LogWindows: EnumDisplayDevices:
[2016.10.12-15.57.53:109][  0]LogWindows:    0. 'NVIDIA Quadro 4000' (P:1 D:1)
[2016.10.12-15.57.53:109][  0]LogWindows:    1. 'NVIDIA Quadro 4000' (P:0 D:1)
[2016.10.12-15.57.53:109][  0]LogWindows: DebugString: FoundDriverCount:2 
[2016.10.12-15.57.53:109][  0]LogD3D11RHI:     Adapter Name: NVIDIA Quadro 4000
[2016.10.12-15.57.53:110][  0]LogD3D11RHI:   Driver Version: 361.91 (internal:10.18.13.6191, unified:361.91)
[2016.10.12-15.57.53:110][  0]LogD3D11RHI:      Driver Date: 2-8-2016
[2016.10.12-15.57.53:110][  0]LogRHI: Texture pool is 1361 MB (70% of 1945 MB)
[2016.10.12-15.57.53:126][  0]LogD3D11RHI: Async texture creation enabled
[2016.10.12-15.57.53:143][  0]LogD3D11RHI: GPU Timing Frequency: 1000.000000 (Debug: 2 2)
[2016.10.12-15.57.53:143][  0]LogShaderCompilers: Guid format shader working directory is -31 characters bigger than the processId version (../../../../../../Users/p4034482/Documents/GitHub/AnotherUnrealGitTest/MyProject/Intermediate/Shaders/WorkingDirectory/2208/).
[2016.10.12-15.57.53:143][  0]LogShaderCompilers: Cleaned the shader compiler working directory 'C:/Users/p4034482/AppData/Local/Temp/UnrealShaderWorkingDir/6197BDA348590CBA08D9A78F27950143/'.
[2016.10.12-15.57.53:143][  0]LogShaderCompilers:Display: Using Local Shader Compiler.
[2016.10.12-15.57.55:284][  0]LogTemp:Display: Loaded TP AllDesktopTargetPlatform
[2016.10.12-15.57.55:295][  0]LogTemp:Display: Loaded TP WindowsClientTargetPlatform
[2016.10.12-15.57.55:305][  0]LogTemp:Display: Loaded TP WindowsNoEditorTargetPlatform
[2016.10.12-15.57.55:315][  0]LogTemp:Display: Loaded TP WindowsServerTargetPlatform
[2016.10.12-15.57.55:325][  0]LogTemp:Display: Loaded TP WindowsTargetPlatform
[2016.10.12-15.57.55:334][  0]LogTemp:Display: Loaded TP AndroidTargetPlatform
[2016.10.12-15.57.55:343][  0]LogTemp:Display: Loaded TP Android_ASTCTargetPlatform
[2016.10.12-15.57.55:351][  0]LogTemp:Display: Loaded TP Android_ATCTargetPlatform
[2016.10.12-15.57.55:359][  0]LogTemp:Display: Loaded TP Android_DXTTargetPlatform
[2016.10.12-15.57.55:368][  0]LogTemp:Display: Loaded TP Android_ETC1TargetPlatform
[2016.10.12-15.57.55:376][  0]LogTemp:Display: Loaded TP Android_ETC2TargetPlatform
[2016.10.12-15.57.55:393][  0]LogTemp:Display: Loaded TP Android_MultiTargetPlatform
[2016.10.12-15.57.55:393][  0]LogTemp:Display: Loaded TP Android_PVRTCTargetPlatform
[2016.10.12-15.57.55:395][  0]LogTemp:Display: Loaded TP HTML5TargetPlatform
[2016.10.12-15.57.55:420][  0]LogTemp:Display: Loaded TP IOSTargetPlatform
[2016.10.12-15.57.55:437][  0]LogTemp:Display: Loaded TP TVOSTargetPlatform
[2016.10.12-15.57.55:450][  0]LogTemp:Display: Loaded TP LinuxNoEditorTargetPlatform
[2016.10.12-15.57.55:461][  0]LogTemp:Display: Loaded TP LinuxServerTargetPlatform
[2016.10.12-15.57.55:484][  0]LogTemp:Display: Loaded TP LinuxTargetPlatform
[2016.10.12-15.57.55:484][  0]LogTargetPlatformManager:Display: Building Assets For Windows
[2016.10.12-15.57.55:574][  0]LogDerivedDataCache:Display: Max Cache Size: 512 MB
[2016.10.12-15.57.55:883][  0]LogDerivedDataCache: Loaded boot cache 0.31s 50MB C:/Users/p4034482/AppData/Local/UnrealEngine/4.12/DerivedDataCache/Boot.ddc.
[2016.10.12-15.57.55:883][  0]LogDerivedDataCache:Display: Loaded Boot cache: C:/Users/p4034482/AppData/Local/UnrealEngine/4.12/DerivedDataCache/Boot.ddc
[2016.10.12-15.57.55:884][  0]LogDerivedDataCache: FDerivedDataBackendGraph:  Pak pak cache file ../../../../../../Users/p4034482/Documents/GitHub/AnotherUnrealGitTest/MyProject/DerivedDataCache/DDC.ddp not found, will not use a pak cache.
[2016.10.12-15.57.55:884][  0]LogDerivedDataCache: Unable to find inner node Pak for hierarchical cache Hierarchy.
[2016.10.12-15.57.55:884][  0]LogDerivedDataCache: FDerivedDataBackendGraph:  CompressedPak pak cache file ../../../../../../Users/p4034482/Documents/GitHub/AnotherUnrealGitTest/MyProject/DerivedDataCache/Compressed.ddp not found, will not use a pak cache.
[2016.10.12-15.57.55:884][  0]LogDerivedDataCache: Unable to find inner node CompressedPak for hierarchical cache Hierarchy.
[2016.10.12-15.57.55:906][  0]LogDerivedDataCache:Display: Pak cache opened for reading ../../../Engine/DerivedDataCache/Compressed.ddp.
[2016.10.12-15.57.55:919][  0]LogDerivedDataCache: Using Local data cache path C:/Users/p4034482/AppData/Local/UnrealEngine/Common/DerivedDataCache: Writable
[2016.10.12-15.57.56:168][  0]LogInit: Selected Device Profile: [Windows]
[2016.10.12-15.57.56:169][  0]LogContentStreaming: Texture pool size is 0.00 MB
[2016.10.12-15.57.56:338][  0]LogMeshUtilities: No automatic mesh reduction module available
[2016.10.12-15.57.56:338][  0]LogMeshUtilities: No automatic mesh merging module available
[2016.10.12-15.57.56:338][  0]LogMeshUtilities: No distributed automatic mesh merging module available
[2016.10.12-15.57.56:639][  0]LogAssetRegistry: FAssetRegistry took 0.0217 seconds to start up
[2016.10.12-15.57.56:679][  0]LogPackageLocalizationCache: Processed 3 localized package path(s) for 2 prioritized culture(s) in 0.036749 seconds
[2016.10.12-15.57.56:684][  0]LogUObjectArray: 28739 objects as part of root set at end of initial load.
[2016.10.12-15.57.56:684][  0]LogUObjectAllocator: 5855624 out of 0 bytes used by permanent object pool.
[2016.10.12-15.57.56:684][  0]LogUObjectArray: CloseDisregardForGC: 0/0 objects in disregard for GC pool
[2016.10.12-15.57.56:693][  0]LogInit: WinSock: version 1.1 (2.2), MaxSocks=32767, MaxUdp=65467
[2016.10.12-15.57.56:950][  0]LogSlate: SlateFontCache - WITH_FREETYPE: 1, WITH_HARFBUZZ: 1
[2016.10.12-15.57.56:950][  0]LogSlate: SlateFontCache - WITH_FREETYPE: 1, WITH_HARFBUZZ: 1
[2016.10.12-15.58.00:284][  0]LogSubstanceCoreModule: Substance CPU Engine Loaded, Max Texture Size 2048
[2016.10.12-15.58.00:312][  0]LogUdpMessaging: Initializing bridge on interface 0.0.0.0:0 to multicast group 230.0.0.1:6666.
[2016.10.12-15.58.00:918][  0]SourceControl: Info Source control is disabled
[2016.10.12-15.58.00:980][  0]SourceControl: Info Source control is disabled
[2016.10.12-15.58.00:991][  0]SourceControl: Info Source control is disabled
[2016.10.12-15.58.01:002][  0]SourceControl: Info Source control is disabled
[2016.10.12-15.58.01:303][  0]LogEngine: Initializing Engine...
[2016.10.12-15.58.01:306][  0]LogHMD: SteamVR failed to initialize.  Err: 110
[2016.10.12-15.58.01:307][  0]LogHMD: SteamVR failed to initialize.  Err: 110
[2016.10.12-15.58.01:441][  0]LogAIModule: Creating AISystem for world NewWorld
[2016.10.12-15.58.01:447][  0]LogInit: XAudio2 using 'Speakers (Realtek High Definition Audio)' : 2 channels at 48 kHz using 32 bits per sample (channel mask 0x3)
[2016.10.12-15.58.01:466][  0]LogInit: FAudioDevice initialized.
[2016.10.12-15.58.01:490][  0]LogDerivedDataCache: Saved boot cache 0.02s 50MB C:/Users/p4034482/AppData/Local/UnrealEngine/4.12/DerivedDataCache/Boot.ddc.
[2016.10.12-15.58.01:499][  0]LogInit: Texture streaming: Enabled
[2016.10.12-15.58.01:524][  0]LogInit: Transaction tracking system initialized
[2016.10.12-15.58.01:550][  0]BlueprintLog: New page: Editor Load
[2016.10.12-15.58.01:702][  0]LocalizationService: Info Localization service is disabled
[2016.10.12-15.58.01:808][  0]LogConsoleResponse:Display: 
[2016.10.12-15.58.02:052][  0]LogCook:Display: Max memory allowance for cook 8192mb
[2016.10.12-15.58.02:052][  0]LogCook:Display: Mobile HDR setting 1
[2016.10.12-15.58.02:230][  0]LogFileCache: Scanning file cache for directory 'C:/Users/p4034482/Documents/GitHub/AnotherUnrealGitTest/MyProject/Content/' took 0.02s
[2016.10.12-15.58.02:239][  0]SourceControl: Info Source control is disabled
[2016.10.12-15.58.02:239][  0]Cmd: MAP LOAD FILE="../../../../../../Users/p4034482/Documents/GitHub/AnotherUnrealGitTest/MyProject/Content/ThirdPersonCPP/Maps/ThirdPersonExampleMap.umap" TEMPLATE=0 SHOWPROGRESS=1 FEATURELEVEL=3
[2016.10.12-15.58.02:239][  0]LightingResults: New page: Lighting Build
[2016.10.12-15.58.02:243][  0]MapCheck: New page: Map Check
[2016.10.12-15.58.02:243][  0]LightingResults: New page: Lighting Build
[2016.10.12-15.58.02:684][  0]LogAIModule: Creating AISystem for world ThirdPersonExampleMap
[2016.10.12-15.58.02:823][  0]LogEditorServer: Finished looking for orphan Actors (0.000 secs)
[2016.10.12-15.58.02:824][  0]Cmd: MAP CHECKDEP NOCLEARLOG
[2016.10.12-15.58.02:882][  0]MapCheck: Info Map check complete: 0 Error(s), 0 Warning(s), took 58.003ms to complete.
[2016.10.12-15.58.02:882][  0]LogFileHelpers: Loading map 'ThirdPersonExampleMap' took 0.643
[2016.10.12-15.58.03:052][  0]LogCollectionManager: Loaded 0 collections in 0.001860 seconds
[2016.10.12-15.58.03:093][  0]LogFileCache: Scanning file cache for directory 'C:/Users/p4034482/Documents/GitHub/AnotherUnrealGitTest/MyProject/Saved/Collections/' took 0.01s
[2016.10.12-15.58.03:093][  0]LogFileCache: Scanning file cache for directory 'C:/Users/p4034482/Documents/GitHub/AnotherUnrealGitTest/MyProject/Content/Developers/p4034482/Collections/' took 0.01s
[2016.10.12-15.58.03:093][  0]LogFileCache: Scanning file cache for directory 'C:/Users/p4034482/Documents/GitHub/AnotherUnrealGitTest/MyProject/Content/Collections/' took 0.01s
[2016.10.12-15.58.03:093][  0]LogCollectionManager: Rebuilt the GUID cache for 0 collections in 0.000003 seconds
[2016.10.12-15.58.03:103][  0]LogContentBrowser: Native class hierarchy populated in 0.0099 seconds. Added 2064 classes and 377 folders.
[2016.10.12-15.58.03:107][  0]LogStats: UGameplayTagsManager::ConstructGameplayTagTree: Construct from data asset -  0.000 s
[2016.10.12-15.58.03:107][  0]LogStats: UGameplayTagsManager::ConstructGameplayTagTree: GameplayTagTreeChangedEvent.Broadcast -  0.000 s
[2016.10.12-15.58.03:109][  0]LogContentBrowser: Native class hierarchy updated for 'GameplayTags' in 0.0021 seconds. Added 12 classes and 0 folders.
[2016.10.12-15.58.03:117][  0]LogContentBrowser: Native class hierarchy updated for 'WidgetCarousel' in 0.0020 seconds. Added 0 classes and 0 folders.
[2016.10.12-15.58.03:671][  0]LogContentBrowser: Native class hierarchy updated for 'AddContentDialog' in 0.0068 seconds. Added 0 classes and 0 folders.
[2016.10.12-15.58.03:689][  0]LogContentBrowser: Native class hierarchy updated for 'SceneOutliner' in 0.0070 seconds. Added 1 classes and 2 folders.
[2016.10.12-15.58.03:717][  0]LogCrashTracker: Crashtracker disabled due to settings.
[2016.10.12-15.58.04:007][  0]LogContentBrowser: Native class hierarchy updated for 'HierarchicalLODOutliner' in 0.0021 seconds. Added 1 classes and 2 folders.
[2016.10.12-15.58.04:008][  0]LogLoad: Full Startup: 12.67 seconds (BP compile: 0.12 seconds)
[2016.10.12-15.58.04:008][  0]LogExternalProfiler: Found external profiler: VSPerf
[2016.10.12-15.58.04:008][  0]LogExternalProfiler: Using external profiler: VSPerf
[2016.10.12-15.58.04:017][  0]LogOcInput: OculusInput pre-init called
[2016.10.12-15.58.04:037][  0]LogContentStreaming: Texture pool size now 1000 MB
[2016.10.12-15.58.04:340][  0]LogRenderer: Reallocating scene render targets to support 1208x576 (Frame:2).
[2016.10.12-15.58.04:440][  1]LogAssetRegistry: Asset discovery search completed in 7.8227 seconds
[2016.10.12-15.58.04:440][  1]LogCollectionManager: Rebuilt the object cache for 0 collections in 0.000001 seconds (found 0 objects)
[2016.10.12-15.58.04:440][  1]LogCollectionManager: Fixed up redirectors for 0 collections in 0.000036 seconds (updated 0 objects)
[2016.10.12-15.58.07:971][138]LogWindowsTextInputMethodSystem:Display: IME system now deactivated.
[2016.10.12-15.58.08:131][139]Cmd: QUIT_EDITOR
[2016.10.12-15.58.08:190][139]LogExit: Preparing to exit.
[2016.10.12-15.58.08:453][139]LogExit: Editor shut down
[2016.10.12-15.58.08:454][139]LogExit: Transaction tracking system shut down
[2016.10.12-15.58.08:559][139]LogObj: Freed 0b from 0 cluster array pools.
[2016.10.12-15.58.08:559][139]LogExit: Object subsystem successfully closed.
[2016.10.12-15.58.08:579][139]LogD3D11RHI: Shutdown
[2016.10.12-15.58.08:579][139]LogD3D11RHI: CleanupD3DDevice
[2016.10.12-15.58.08:665][139]LogD3D11RHI: ~FD3D11DynamicRHI
[2016.10.12-15.58.08:683][139]LogModuleManager: Shutting down and abandoning module HierarchicalLODOutliner (216)
[2016.10.12-15.58.08:683][139]LogModuleManager: Shutting down and abandoning module CrashTracker (215)
[2016.10.12-15.58.08:683][139]LogModuleManager: Shutting down and abandoning module SceneOutliner (214)
[2016.10.12-15.58.08:683][139]LogModuleManager: Shutting down and abandoning module WidgetCarousel (213)
[2016.10.12-15.58.08:683][139]LogModuleManager: Shutting down and abandoning module AddContentDialog (212)
[2016.10.12-15.58.08:686][139]LogModuleManager: Shutting down and abandoning module GameplayTags (211)
[2016.10.12-15.58.08:686][139]LogModuleManager: Shutting down and abandoning module EditorWidgets (210)
[2016.10.12-15.58.08:686][139]LogModuleManager: Shutting down and abandoning module CollectionManager (209)
[2016.10.12-15.58.08:686][139]LogModuleManager: Shutting down and abandoning module StatsViewer (208)
[2016.10.12-15.58.08:686][139]LogModuleManager: Shutting down and abandoning module FoliageEdit (207)
[2016.10.12-15.58.08:686][139]LogModuleManager: Shutting down and abandoning module LandscapeEditor (206)
[2016.10.12-15.58.08:686][139]LogModuleManager: Shutting down and abandoning module SceneDepthPickerMode (205)
[2016.10.12-15.58.08:686][139]LogModuleManager: Shutting down and abandoning module ActorPickerMode (204)
[2016.10.12-15.58.08:686][139]LogModuleManager: Shutting down and abandoning module GeometryMode (203)
[2016.10.12-15.58.08:686][139]LogModuleManager: Shutting down and abandoning module TextureAlignMode (202)
[2016.10.12-15.58.08:686][139]LogModuleManager: Shutting down and abandoning module BspMode (201)
[2016.10.12-15.58.08:686][139]LogModuleManager: Shutting down and abandoning module HardwareSurvey (200)
[2016.10.12-15.58.08:686][139]LogModuleManager: Shutting down and abandoning module SequenceRecorderSections (199)
[2016.10.12-15.58.08:686][139]LogModuleManager: Shutting down and abandoning module SequenceRecorder (198)
[2016.10.12-15.58.08:686][139]LogModuleManager: Shutting down and abandoning module AutomationWorker (197)
[2016.10.12-15.58.08:686][139]LogModuleManager: Shutting down and abandoning module MatineeToLevelSequence (196)
[2016.10.12-15.58.08:686][139]LogModuleManager: Shutting down and abandoning module PlacementMode (195)
[2016.10.12-15.58.08:686][139]LogModuleManager: Shutting down and abandoning module LevelSequenceEditor (194)
[2016.10.12-15.58.08:686][139]LogModuleManager: Shutting down and abandoning module CharacterAI (193)
[2016.10.12-15.58.08:686][139]LogModuleManager: Shutting down and abandoning module SmartSnapping (192)
[2016.10.12-15.58.08:686][139]LogModuleManager: Shutting down and abandoning module SessionServices (191)
[2016.10.12-15.58.08:686][139]LogModuleManager: Shutting down and abandoning module ViewportSnapping (190)
[2016.10.12-15.58.08:687][139]LogModuleManager: Shutting down and abandoning module LogVisualizer (189)
[2016.10.12-15.58.08:687][139]LogModuleManager: Shutting down and abandoning module GameProjectGeneration (188)
[2016.10.12-15.58.08:687][139]LogModuleManager: Shutting down and abandoning module IntroTutorials (187)
[2016.10.12-15.58.08:687][139]LogModuleManager: Shutting down and abandoning module EditorLiveStreaming (186)
[2016.10.12-15.58.08:687][139]LogModuleManager: Shutting down and abandoning module IOSPlatformEditor (185)
[2016.10.12-15.58.08:687][139]LogModuleManager: Shutting down and abandoning module HTML5PlatformEditor (184)
[2016.10.12-15.58.08:687][139]LogModuleManager: Shutting down and abandoning module AndroidDeviceDetection (183)
[2016.10.12-15.58.08:746][139]LogModuleManager: Shutting down and abandoning module AndroidPlatformEditor (182)
[2016.10.12-15.58.08:746][139]LogModuleManager: Shutting down and abandoning module IOSRuntimeSettings (181)
[2016.10.12-15.58.08:746][139]LogModuleManager: Shutting down and abandoning module AndroidRuntimeSettings (180)
[2016.10.12-15.58.08:746][139]LogModuleManager: Shutting down and abandoning module MergeActors (179)
[2016.10.12-15.58.08:746][139]LogModuleManager: Shutting down and abandoning module SizeMap (178)
[2016.10.12-15.58.08:746][139]LogModuleManager: Shutting down and abandoning module TreeMap (177)
[2016.10.12-15.58.08:746][139]LogModuleManager: Shutting down and abandoning module ReferenceViewer (176)
[2016.10.12-15.58.08:746][139]LogModuleManager: Shutting down and abandoning module LocalizationService (175)
[2016.10.12-15.58.08:746][139]LogModuleManager: Shutting down and abandoning module LocalizationDashboard (174)
[2016.10.12-15.58.08:746][139]LogModuleManager: Shutting down and abandoning module HardwareTargeting (173)
[2016.10.12-15.58.08:746][139]LogModuleManager: Shutting down and abandoning module DeviceProfileEditor (172)
[2016.10.12-15.58.08:746][139]LogModuleManager: Shutting down and abandoning module UndoHistory (171)
[2016.10.12-15.58.08:746][139]LogModuleManager: Shutting down and abandoning module UserFeedback (170)
[2016.10.12-15.58.08:746][139]LogModuleManager: Shutting down and abandoning module XmlParser (169)
[2016.10.12-15.58.08:746][139]LogModuleManager: Shutting down and abandoning module Blutility (168)
[2016.10.12-15.58.08:746][139]LogModuleManager: Shutting down and abandoning module ProjectTargetPlatformEditor (167)
[2016.10.12-15.58.08:746][139]LogModuleManager: Shutting down and abandoning module ProjectSettingsViewer (166)
[2016.10.12-15.58.08:746][139]LogModuleManager: Shutting down and abandoning module InputBindingEditor (165)
[2016.10.12-15.58.08:747][139]LogModuleManager: Shutting down and abandoning module EditorSettingsViewer (164)
[2016.10.12-15.58.08:747][139]LogModuleManager: Shutting down and abandoning module SettingsEditor (163)
[2016.10.12-15.58.08:747][139]LogModuleManager: Shutting down and abandoning module ProjectLauncher (162)
[2016.10.12-15.58.08:747][139]LogModuleManager: Shutting down and abandoning module SessionFrontend (161)
[2016.10.12-15.58.08:747][139]LogModuleManager: Shutting down and abandoning module ProfilerClient (160)
[2016.10.12-15.58.08:747][139]LogModuleManager: Shutting down and abandoning module TargetDeviceServices (159)
[2016.10.12-15.58.08:747][139]LogModuleManager: Shutting down and abandoning module DeviceManager (158)
[2016.10.12-15.58.08:789][139]LogModuleManager: Shutting down and abandoning module AutomationController (157)
[2016.10.12-15.58.08:789][139]LogModuleManager: Shutting down and abandoning module AutomationWindow (156)
[2016.10.12-15.58.08:789][139]LogModuleManager: Shutting down and abandoning module Layers (155)
[2016.10.12-15.58.08:789][139]LogModuleManager: Shutting down and abandoning module ComponentVisualizers (154)
[2016.10.12-15.58.08:789][139]LogModuleManager: Shutting down and abandoning module DetailCustomizations (153)
[2016.10.12-15.58.08:789][139]LogModuleManager: Shutting down and abandoning module PackagesDialog (152)
[2016.10.12-15.58.08:789][139]LogModuleManager: Shutting down and abandoning module Persona (151)
[2016.10.12-15.58.08:789][139]LogModuleManager: Shutting down and abandoning module Kismet (150)
[2016.10.12-15.58.08:789][139]LogModuleManager: Shutting down and abandoning module GraphEditor (149)
[2016.10.12-15.58.08:789][139]LogModuleManager: Shutting down and abandoning module ClassViewer (148)
[2016.10.12-15.58.08:789][139]LogModuleManager: Shutting down and abandoning module Toolbox (147)
[2016.10.12-15.58.08:789][139]LogModuleManager: Shutting down and abandoning module ModuleUI (146)
[2016.10.12-15.58.08:789][139]LogModuleManager: Shutting down and abandoning module MovieSceneTools (145)
[2016.10.12-15.58.08:789][139]LogModuleManager: Shutting down and abandoning module OutputLog (144)
[2016.10.12-15.58.08:789][139]LogModuleManager: Shutting down and abandoning module GammaUI (143)
[2016.10.12-15.58.08:789][139]LogModuleManager: Shutting down and abandoning module Documentation (142)
[2016.10.12-15.58.08:789][139]LogModuleManager: Shutting down and abandoning module StreamingPauseRendering (141)
[2016.10.12-15.58.08:789][139]LogModuleManager: Shutting down and abandoning module AnalyticsET (140)
[2016.10.12-15.58.08:789][139]LogModuleManager: Shutting down and abandoning module Analytics (139)
[2016.10.12-15.58.08:789][139]LogModuleManager: Shutting down and abandoning module PortalServices (138)
[2016.10.12-15.58.08:789][139]LogModuleManager: Shutting down and abandoning module PortalRpc (137)
[2016.10.12-15.58.08:789][139]LogModuleManager: Shutting down and abandoning module MessagingRpc (136)
[2016.10.12-15.58.08:789][139]LogModuleManager: Shutting down and abandoning module GameplayDebugger (135)
[2016.10.12-15.58.08:789][139]LogModuleManager: Shutting down and abandoning module AITestSuite (134)
[2016.10.12-15.58.08:789][139]LogModuleManager: Shutting down and abandoning module AIModule (133)
[2016.10.12-15.58.08:789][139]LogModuleManager: Shutting down and abandoning module ProfilerService (132)
[2016.10.12-15.58.09:015][139]LogModuleManager: Shutting down and abandoning module TaskGraph (131)
[2016.10.12-15.58.09:015][139]LogModuleManager: Shutting down and abandoning module SubstanceEditor (130)
[2016.10.12-15.58.09:015][139]LogModuleManager: Shutting down and abandoning module SlateRemote (129)
[2016.10.12-15.58.09:015][139]LogModuleManager: Shutting down and abandoning module SteamVRController (128)
[2016.10.12-15.58.09:015][139]LogModuleManager: Shutting down and abandoning module SteamVR (127)
[2016.10.12-15.58.09:015][139]LogModuleManager: Shutting down and abandoning module ProceduralMeshComponent (126)
[2016.10.12-15.58.09:015][139]LogModuleManager: Shutting down and abandoning module OculusLibrary (125)
[2016.10.12-15.58.09:015][139]LogModuleManager: Shutting down and abandoning module OculusInput (124)
[2016.10.12-15.58.09:015][139]LogModuleManager: Shutting down and abandoning module CustomMeshComponent (123)
[2016.10.12-15.58.09:015][139]LogModuleManager: Shutting down and abandoning module CableComponent (122)
[2016.10.12-15.58.09:015][139]LogModuleManager: Shutting down and abandoning module ArchVisCharacter (121)
[2016.10.12-15.58.09:015][139]LogModuleManager: Shutting down and abandoning module MediaPlayerEditor (120)
[2016.10.12-15.58.09:015][139]LogModuleManager: Shutting down and abandoning module HTML5Networking (119)
[2016.10.12-15.58.09:015][139]LogModuleManager: Shutting down and abandoning module SuperSearch (118)
[2016.10.12-15.58.09:015][139]LogModuleManager: Shutting down and abandoning module SuperSearchEditor (117)
[2016.10.12-15.58.09:015][139]LogModuleManager: Shutting down and abandoning module SpeedTreeImporter (116)
[2016.10.12-15.58.09:015][139]LogModuleManager: Shutting down and abandoning module PluginBrowser (115)
[2016.10.12-15.58.09:015][139]LogModuleManager: Shutting down and abandoning module EpicSurvey (114)
[2016.10.12-15.58.09:015][139]LogModuleManager: Shutting down and abandoning module DesktopPlatform (113)
[2016.10.12-15.58.09:015][139]LogModuleManager: Shutting down and abandoning module VisualStudioSourceCodeAccess (112)
[2016.10.12-15.58.09:015][139]LogModuleManager: Shutting down and abandoning module UObjectPlugin (111)
[2016.10.12-15.58.09:016][139]LogModuleManager: Shutting down and abandoning module SubversionSourceControl (110)
[2016.10.12-15.58.09:016][139]LogModuleManager: Shutting down and abandoning module PerforceSourceControl (109)
[2016.10.12-15.58.09:016][139]LogModuleManager: Shutting down and abandoning module SourceControl (108)
[2016.10.12-15.58.09:016][139]LogModuleManager: Shutting down and abandoning module GitSourceControl (107)
[2016.10.12-15.58.09:016][139]LogModuleManager: Shutting down and abandoning module LightPropagationVolumeEditor (106)
[2016.10.12-15.58.09:016][139]LogModuleManager: Shutting down and abandoning module PaperTiledImporter (105)
[2016.10.12-15.58.09:016][139]LogModuleManager: Shutting down and abandoning module PaperSpriteSheetImporter (104)
[2016.10.12-15.58.09:016][139]LogModuleManager: Shutting down and abandoning module MeshPaint (103)
[2016.10.12-15.58.09:016][139]LogModuleManager: Shutting down and abandoning module PixelInspectorModule (102)
[2016.10.12-15.58.09:016][139]LogModuleManager: Shutting down and abandoning module HotReload (101)
[2016.10.12-15.58.09:016][139]LogModuleManager: Shutting down and abandoning module MainFrame (100)
[2016.10.12-15.58.09:016][139]LogModuleManager: Shutting down and abandoning module LevelEditor (99)
[2016.10.12-15.58.09:017][139]LogModuleManager: Shutting down and abandoning module ContentBrowser (98)
[2016.10.12-15.58.09:017][139]LogModuleManager: Shutting down and abandoning module Paper2DEditor (97)
[2016.10.12-15.58.09:017][139]LogModuleManager: Shutting down and abandoning module MyProject (96)
[2016.10.12-15.58.09:017][139]LogModuleManager: Shutting down and abandoning module UdpMessaging (95)
[2016.10.12-15.58.09:119][139]LogModuleManager: Shutting down and abandoning module SubstanceCore (94)
[2016.10.12-15.58.09:119][139]LogModuleManager: Shutting down and abandoning module LightPropagationVolumeRuntime (93)
[2016.10.12-15.58.09:119][139]LogModuleManager: Shutting down and abandoning module Paper2D (92)
[2016.10.12-15.58.09:119][139]LogModuleManager: Shutting down and abandoning module WindowsMoviePlayer (91)
[2016.10.12-15.58.09:119][139]LogModuleManager: Shutting down and abandoning module Media (90)
[2016.10.12-15.58.09:119][139]LogModuleManager: Shutting down and abandoning module WmfMedia (89)
[2016.10.12-15.58.09:119][139]LogModuleManager: Shutting down and abandoning module MediaAssets (88)
[2016.10.12-15.58.09:119][139]LogModuleManager: Shutting down and abandoning module GameLiveStreaming (87)
[2016.10.12-15.58.09:119][139]LogModuleManager: Shutting down and abandoning module GameplayTagsEditor (86)
[2016.10.12-15.58.09:119][139]LogModuleManager: Shutting down and abandoning module OnlineBlueprintSupport (85)
[2016.10.12-15.58.09:119][139]LogModuleManager: Shutting down and abandoning module VREditor (84)
[2016.10.12-15.58.09:119][139]LogModuleManager: Shutting down and abandoning module GameplayTasksEditor (83)
[2016.10.12-15.58.09:119][139]LogModuleManager: Shutting down and abandoning module PropertyEditor (82)
[2016.10.12-15.58.09:119][139]LogModuleManager: Shutting down and abandoning module BehaviorTreeEditor (81)
[2016.10.12-15.58.09:119][139]LogModuleManager: Shutting down and abandoning module FunctionalTesting (80)
[2016.10.12-15.58.09:119][139]LogModuleManager: Shutting down and abandoning module CollisionAnalyzer (79)
[2016.10.12-15.58.09:119][139]LogModuleManager: Shutting down and abandoning module Sequencer (78)
[2016.10.12-15.58.09:119][139]LogModuleManager: Shutting down and abandoning module WorkspaceMenuStructure (77)
[2016.10.12-15.58.09:119][139]LogModuleManager: Shutting down and abandoning module MessageLog (76)
[2016.10.12-15.58.09:119][139]LogModuleManager: Shutting down and abandoning module AssetTools (75)
[2016.10.12-15.58.09:119][139]LogModuleManager: Shutting down and abandoning module UMGEditor (74)
[2016.10.12-15.58.09:119][139]LogModuleManager: Shutting down and abandoning module UMG (73)
[2016.10.12-15.58.09:119][139]LogModuleManager: Shutting down and abandoning module SlateReflector (72)
[2016.10.12-15.58.09:119][139]LogModuleManager: Shutting down and abandoning module Slate (71)
[2016.10.12-15.58.09:119][139]LogModuleManager: Shutting down and abandoning module EditorStyle (70)
[2016.10.12-15.58.09:122][139]LogModuleManager: Shutting down and abandoning module SourceCodeAccess (69)
[2016.10.12-15.58.09:122][139]LogModuleManager: Shutting down and abandoning module HeadMountedDisplay (68)
[2016.10.12-15.58.09:122][139]LogModuleManager: Shutting down and abandoning module XAudio2 (67)
[2016.10.12-15.58.09:122][139]LogModuleManager: Shutting down and abandoning module Networking (65)
[2016.10.12-15.58.09:122][139]LogModuleManager: Shutting down and abandoning module Core (64)
[2016.10.12-15.58.09:122][139]LogModuleManager: Shutting down and abandoning module DirectoryWatcher (63)
[2016.10.12-15.58.09:122][139]LogModuleManager: Shutting down and abandoning module AssetRegistry (62)
[2016.10.12-15.58.09:305][139]LogModuleManager: Shutting down and abandoning module KismetCompiler (61)
[2016.10.12-15.58.09:305][139]LogModuleManager: Shutting down and abandoning module PhysXFormats (60)
[2016.10.12-15.58.09:305][139]LogModuleManager: Shutting down and abandoning module MeshUtilities (59)
[2016.10.12-15.58.09:305][139]LogModuleManager: Shutting down and abandoning module DerivedDataCache (58)
[2016.10.12-15.58.09:419][139]LogDerivedDataCache: Shutdown
[2016.10.12-15.58.09:419][139]LogModuleManager: Shutting down and abandoning module VulkanShaderFormat (57)
[2016.10.12-15.58.09:419][139]LogModuleManager: Shutting down and abandoning module ShaderFormatOpenGL (56)
[2016.10.12-15.58.09:419][139]LogModuleManager: Shutting down and abandoning module ShaderFormatD3D (55)
[2016.10.12-15.58.09:419][139]LogModuleManager: Shutting down and abandoning module MetalShaderFormat (54)
[2016.10.12-15.58.09:419][139]LogModuleManager: Shutting down and abandoning module TextureFormatUncompressed (53)
[2016.10.12-15.58.09:419][139]LogModuleManager: Shutting down and abandoning module TextureFormatPVR (52)
[2016.10.12-15.58.09:419][139]LogModuleManager: Shutting down and abandoning module TextureFormatIntelISPCTexComp (51)
[2016.10.12-15.58.09:419][139]LogModuleManager: Shutting down and abandoning module TextureFormatDXT (50)
[2016.10.12-15.58.09:419][139]LogModuleManager: Shutting down and abandoning module ImageWrapper (49)
[2016.10.12-15.58.09:419][139]LogModuleManager: Shutting down and abandoning module TextureFormatASTC (48)
[2016.10.12-15.58.09:419][139]LogModuleManager: Shutting down and abandoning module TextureFormatAndroid (47)
[2016.10.12-15.58.09:419][139]LogModuleManager: Shutting down and abandoning module AudioFormatOpus (46)
[2016.10.12-15.58.09:419][139]LogModuleManager: Shutting down and abandoning module AudioFormatOgg (45)
[2016.10.12-15.58.09:419][139]LogModuleManager: Shutting down and abandoning module AudioFormatADPCM (44)
[2016.10.12-15.58.09:419][139]LogModuleManager: Shutting down and abandoning module LinuxTargetPlatform (43)
[2016.10.12-15.58.09:419][139]LogModuleManager: Shutting down and abandoning module LinuxServerTargetPlatform (42)
[2016.10.12-15.58.09:419][139]LogModuleManager: Shutting down and abandoning module LinuxNoEditorTargetPlatform (41)
[2016.10.12-15.58.09:419][139]LogModuleManager: Shutting down and abandoning module TVOSTargetPlatform (40)
[2016.10.12-15.58.09:419][139]LogModuleManager: Shutting down and abandoning module Messaging (39)
[2016.10.12-15.58.09:419][139]LogModuleManager: Shutting down and abandoning module IOSTargetPlatform (38)
[2016.10.12-15.58.09:419][139]LogModuleManager: Shutting down and abandoning module HTML5TargetPlatform (37)
[2016.10.12-15.58.09:419][139]LogModuleManager: Shutting down and abandoning module Android_PVRTCTargetPlatform (36)
[2016.10.12-15.58.09:419][139]LogModuleManager: Shutting down and abandoning module Android_MultiTargetPlatform (35)
[2016.10.12-15.58.09:419][139]LogModuleManager: Shutting down and abandoning module Android_ETC2TargetPlatform (34)
[2016.10.12-15.58.09:420][139]LogModuleManager: Shutting down and abandoning module Android_ETC1TargetPlatform (33)
[2016.10.12-15.58.09:420][139]LogModuleManager: Shutting down and abandoning module Android_DXTTargetPlatform (32)
[2016.10.12-15.58.09:420][139]LogModuleManager: Shutting down and abandoning module Android_ATCTargetPlatform (31)
[2016.10.12-15.58.09:420][139]LogModuleManager: Shutting down and abandoning module Android_ASTCTargetPlatform (30)
[2016.10.12-15.58.09:420][139]LogModuleManager: Shutting down and abandoning module AndroidTargetPlatform (29)
[2016.10.12-15.58.09:420][139]LogModuleManager: Shutting down and abandoning module WindowsTargetPlatform (28)
[2016.10.12-15.58.09:420][139]LogModuleManager: Shutting down and abandoning module WindowsServerTargetPlatform (27)
[2016.10.12-15.58.09:420][139]LogModuleManager: Shutting down and abandoning module WindowsNoEditorTargetPlatform (26)
[2016.10.12-15.58.09:420][139]LogModuleManager: Shutting down and abandoning module WindowsClientTargetPlatform (25)
[2016.10.12-15.58.09:420][139]LogModuleManager: Shutting down and abandoning module AllDesktopTargetPlatform (24)
[2016.10.12-15.58.09:420][139]LogModuleManager: Shutting down and abandoning module TargetPlatform (23)
[2016.10.12-15.58.09:420][139]LogModuleManager: Shutting down and abandoning module InputCore (22)
[2016.10.12-15.58.09:420][139]LogModuleManager: Shutting down and abandoning module Settings (21)
[2016.10.12-15.58.09:420][139]LogModuleManager: Shutting down and abandoning module OnlineSubsystem (19)
[2016.10.12-15.58.09:420][139]LogModuleManager: Shutting down and abandoning module HTTP (18)
[2016.10.12-15.58.13:937][139]LogModuleManager: Shutting down and abandoning module XMPP (17)
[2016.10.12-15.58.13:937][139]LogModuleManager: Shutting down and abandoning module OculusRift (16)
[2016.10.12-15.58.13:937][139]LogModuleManager: Shutting down and abandoning module ExampleDeviceProfileSelector (15)
[2016.10.12-15.58.13:937][139]LogModuleManager: Shutting down and abandoning module TextureCompressor (14)
[2016.10.12-15.58.13:937][139]LogModuleManager: Shutting down and abandoning module ShaderCore (13)
[2016.10.12-15.58.13:937][139]LogModuleManager: Shutting down and abandoning module Landscape (12)
[2016.10.12-15.58.13:937][139]LogModuleManager: Shutting down and abandoning module SlateRHIRenderer (11)
[2016.10.12-15.58.13:939][139]LogModuleManager: Shutting down and abandoning module OpenGLDrv (10)
[2016.10.12-15.58.13:939][139]LogModuleManager: Shutting down and abandoning module D3D11RHI (9)
[2016.10.12-15.58.13:939][139]LogModuleManager: Shutting down and abandoning module AnimGraphRuntime (8)
[2016.10.12-15.58.13:939][139]LogModuleManager: Shutting down and abandoning module Renderer (7)
[2016.10.12-15.58.13:939][139]LogModuleManager: Shutting down and abandoning module Engine (6)
[2016.10.12-15.58.13:939][139]LogModuleManager: Shutting down and abandoning module CoreUObject (5)
[2016.10.12-15.58.13:939][139]LogModuleManager: Shutting down and abandoning module NetworkFile (4)
[2016.10.12-15.58.13:939][139]LogModuleManager: Shutting down and abandoning module StreamingFile (3)
[2016.10.12-15.58.13:939][139]LogModuleManager: Shutting down and abandoning module SandboxFile (2)
[2016.10.12-15.58.13:939][139]LogModuleManager: Shutting down and abandoning module PakFile (1)
[2016.10.12-15.58.13:941][139]LogExit: Exiting.
[2016.10.12-15.58.13:943][139]Log file closed, 10/12/16 16:58:13
